<?xml version="1.0" encoding="UTF-8"?>
<testsuite xmlns:xsi="http://www.w3.org/2001/XMLSchema-instance" xsi:noNamespaceSchemaLocation="https://maven.apache.org/surefire/maven-surefire-plugin/xsd/surefire-test-report.xsd" version="3.0.2" name="com.microservice.authentication.AuthenticationApplicationTests" time="5.515" tests="1" errors="0" skipped="0" failures="0">
  <properties>
[...]
</properties>
  <testcase name="contextLoads" classname="com.microservice.authentication.AuthenticationApplicationTests" time="0.386">
    <system-out><![CDATA[02:49:32.318 [main] INFO org.springframework.test.context.support.AnnotationConfigContextLoaderUtils -- Could not detect default configuration classes for test class [com.microservice.authentication.AuthenticationApplicationTests]: AuthenticationApplicationTests does not declare any static, non-private, non-final, nested classes annotated with @Configuration.
02:49:32.388 [main] INFO org.springframework.boot.test.context.SpringBootTestContextBootstrapper -- Found @SpringBootConfiguration com.microservice.authentication.AuthenticationApplication for test class com.microservice.authentication.AuthenticationApplicationTests
02:49:32.606 [main] INFO org.springframework.boot.devtools.restart.RestartApplicationListener -- Restart disabled due to context in which it is running

  .   ____          _            __ _ _
 /\\ / ___'_ __ _ _(_)_ __  __ _ \ \ \ \
( ( )\___ | '_ | '_| | '_ \/ _` | \ \ \ \
 \\/  ___)| |_)| | | | | || (_| |  ) ) ) )
  '  |____| .__|_| |_|_| |_\__, | / / / /
 =========|_|==============|___/=/_/_/_/

 :: Spring Boot ::                (v3.4.4)

2025-04-12T02:49:34.383+05:30  INFO 46919 --- [authentication] [           main] c.m.a.AuthenticationApplicationTests     : Starting AuthenticationApplicationTests using Java 23.0.1 with PID 46919 (started by neeravbhaskarla in /Users/neeravbhaskarla/Coding/springboot/spring_boot_projects/Job Preparation/authentication)
2025-04-12T02:49:34.385+05:30  INFO 46919 --- [authentication] [           main] c.m.a.AuthenticationApplicationTests     : No active profile set, falling back to 1 default profile: "default"
2025-04-12T02:49:34.409+05:30  INFO 46919 --- [authentication] [           main] o.s.c.c.c.ConfigServerConfigDataLoader   : Fetching config from server at : http://localhost:8888
2025-04-12T02:49:34.409+05:30  INFO 46919 --- [authentication] [           main] o.s.c.c.c.ConfigServerConfigDataLoader   : Located environment: name=authentication, profiles=[default], label=null, version=f0c2cf3dfed9cd44320672e443fc4c0c349376cb, state=
2025-04-12T02:49:34.994+05:30  INFO 46919 --- [authentication] [           main] .s.d.r.c.RepositoryConfigurationDelegate : Multiple Spring Data modules found, entering strict repository configuration mode
2025-04-12T02:49:34.995+05:30  INFO 46919 --- [authentication] [           main] .s.d.r.c.RepositoryConfigurationDelegate : Bootstrapping Spring Data JDBC repositories in DEFAULT mode.
2025-04-12T02:49:35.004+05:30  INFO 46919 --- [authentication] [           main] .s.d.r.c.RepositoryConfigurationDelegate : Finished Spring Data repository scanning in 6 ms. Found 0 JDBC repository interfaces.
2025-04-12T02:49:35.011+05:30  INFO 46919 --- [authentication] [           main] .s.d.r.c.RepositoryConfigurationDelegate : Multiple Spring Data modules found, entering strict repository configuration mode
2025-04-12T02:49:35.012+05:30  INFO 46919 --- [authentication] [           main] .s.d.r.c.RepositoryConfigurationDelegate : Bootstrapping Spring Data JPA repositories in DEFAULT mode.
2025-04-12T02:49:35.015+05:30  INFO 46919 --- [authentication] [           main] .s.d.r.c.RepositoryConfigurationDelegate : Finished Spring Data repository scanning in 0 ms. Found 0 JPA repository interfaces.
2025-04-12T02:49:35.131+05:30  INFO 46919 --- [authentication] [           main] o.s.cloud.context.scope.GenericScope     : BeanFactory id=bafe544c-32ad-355c-bb87-d2e1827ea47a
2025-04-12T02:49:35.452+05:30  INFO 46919 --- [authentication] [           main] com.zaxxer.hikari.HikariDataSource       : HikariPool-1 - Starting...
2025-04-12T02:49:35.595+05:30  INFO 46919 --- [authentication] [           main] com.zaxxer.hikari.pool.HikariPool        : HikariPool-1 - Added connection org.postgresql.jdbc.PgConnection@4aa517c3
2025-04-12T02:49:35.596+05:30  INFO 46919 --- [authentication] [           main] com.zaxxer.hikari.HikariDataSource       : HikariPool-1 - Start completed.
2025-04-12T02:49:35.625+05:30  INFO 46919 --- [authentication] [           main] o.hibernate.jpa.internal.util.LogHelper  : HHH000204: Processing PersistenceUnitInfo [name: default]
2025-04-12T02:49:35.655+05:30  INFO 46919 --- [authentication] [           main] org.hibernate.Version                    : HHH000412: Hibernate ORM core version 6.6.11.Final
2025-04-12T02:49:35.672+05:30  INFO 46919 --- [authentication] [           main] o.h.c.internal.RegionFactoryInitiator    : HHH000026: Second-level cache disabled
2025-04-12T02:49:35.814+05:30  INFO 46919 --- [authentication] [           main] o.s.o.j.p.SpringPersistenceUnitInfo      : No LoadTimeWeaver setup: ignoring JPA class transformer
2025-04-12T02:49:35.851+05:30  WARN 46919 --- [authentication] [           main] org.hibernate.orm.deprecation            : HHH90000025: PostgreSQLDialect does not need to be specified explicitly using 'hibernate.dialect' (remove the property setting and it will be selected by default)
2025-04-12T02:49:35.865+05:30  INFO 46919 --- [authentication] [           main] org.hibernate.orm.connections.pooling    : HHH10001005: Database info:
	Database JDBC URL [Connecting through datasource 'HikariDataSource (HikariPool-1)']
	Database driver: undefined/unknown
	Database version: 17.4
	Autocommit mode: undefined/unknown
	Isolation level: undefined/unknown
	Minimum pool size: undefined/unknown
	Maximum pool size: undefined/unknown
2025-04-12T02:49:36.050+05:30  INFO 46919 --- [authentication] [           main] o.h.e.t.j.p.i.JtaPlatformInitiator       : HHH000489: No JTA platform available (set 'hibernate.transaction.jta.platform' to enable JTA platform integration)
2025-04-12T02:49:36.052+05:30  INFO 46919 --- [authentication] [           main] j.LocalContainerEntityManagerFactoryBean : Initialized JPA EntityManagerFactory for persistence unit 'default'
2025-04-12T02:49:36.186+05:30  WARN 46919 --- [authentication] [           main] JpaBaseConfiguration$JpaWebConfiguration : spring.jpa.open-in-view is enabled by default. Therefore, database queries may be performed during view rendering. Explicitly configure spring.jpa.open-in-view to disable this warning
2025-04-12T02:49:36.753+05:30  WARN 46919 --- [authentication] [           main] .s.s.UserDetailsServiceAutoConfiguration : 

Using generated security password: c26e34f4-63b0-4662-a93d-55d7a67c0640

This generated password is for development use only. Your security configuration must be updated before running your application in production.

2025-04-12T02:49:36.761+05:30  INFO 46919 --- [authentication] [           main] r$InitializeUserDetailsManagerConfigurer : Global AuthenticationManager configured with UserDetailsService bean with name inMemoryUserDetailsManager
2025-04-12T02:49:36.836+05:30  INFO 46919 --- [authentication] [           main] o.s.b.a.e.web.EndpointLinksResolver      : Exposing 1 endpoint beneath base path '/actuator'
2025-04-12T02:49:37.000+05:30  INFO 46919 --- [authentication] [           main] DiscoveryClientOptionalArgsConfiguration : Eureka HTTP Client uses RestTemplate.
2025-04-12T02:49:37.040+05:30  WARN 46919 --- [authentication] [           main] iguration$LoadBalancerCaffeineWarnLogger : Spring Cloud LoadBalancer is currently working with the default cache. While this cache implementation is useful for development and tests, it's recommended to use Caffeine cache in production.You can switch to using Caffeine cache, by adding it and org.springframework.cache.caffeine.CaffeineCacheManager to the classpath.
2025-04-12T02:49:37.074+05:30  INFO 46919 --- [authentication] [           main] o.s.c.n.eureka.InstanceInfoFactory       : Setting initial instance status as: STARTING
2025-04-12T02:49:37.087+05:30  INFO 46919 --- [authentication] [           main] com.netflix.discovery.DiscoveryClient    : Initializing Eureka in region us-east-1
2025-04-12T02:49:37.088+05:30  INFO 46919 --- [authentication] [           main] c.n.d.s.r.aws.ConfigClusterResolver      : Resolving eureka endpoints via configuration
2025-04-12T02:49:37.092+05:30  INFO 46919 --- [authentication] [           main] com.netflix.discovery.DiscoveryClient    : Disable delta property : false
2025-04-12T02:49:37.092+05:30  INFO 46919 --- [authentication] [           main] com.netflix.discovery.DiscoveryClient    : Single vip registry refresh property : null
2025-04-12T02:49:37.092+05:30  INFO 46919 --- [authentication] [           main] com.netflix.discovery.DiscoveryClient    : Force full registry fetch : false
2025-04-12T02:49:37.092+05:30  INFO 46919 --- [authentication] [           main] com.netflix.discovery.DiscoveryClient    : Application is null : false
2025-04-12T02:49:37.093+05:30  INFO 46919 --- [authentication] [           main] com.netflix.discovery.DiscoveryClient    : Registered Applications size is zero : true
2025-04-12T02:49:37.093+05:30  INFO 46919 --- [authentication] [           main] com.netflix.discovery.DiscoveryClient    : Application version is -1: true
2025-04-12T02:49:37.093+05:30  INFO 46919 --- [authentication] [           main] com.netflix.discovery.DiscoveryClient    : Getting all instance registry info from the eureka server
2025-04-12T02:49:37.275+05:30  INFO 46919 --- [authentication] [           main] com.netflix.discovery.DiscoveryClient    : The response status is 200
2025-04-12T02:49:37.276+05:30  INFO 46919 --- [authentication] [           main] com.netflix.discovery.DiscoveryClient    : Starting heartbeat executor: renew interval is: 30
2025-04-12T02:49:37.277+05:30  INFO 46919 --- [authentication] [           main] c.n.discovery.InstanceInfoReplicator     : InstanceInfoReplicator onDemand update allowed rate per min is 4
2025-04-12T02:49:37.278+05:30  INFO 46919 --- [authentication] [           main] com.netflix.discovery.DiscoveryClient    : Discovery Client initialized at timestamp 1744406377278 with initial instances count: 1
2025-04-12T02:49:37.282+05:30  INFO 46919 --- [authentication] [           main] o.s.c.n.e.s.EurekaServiceRegistry        : Registering application AUTHENTICATION with eureka with status UP
2025-04-12T02:49:37.282+05:30  INFO 46919 --- [authentication] [           main] com.netflix.discovery.DiscoveryClient    : Saw local status change event StatusChangeEvent [timestamp=1744406377282, current=UP, previous=STARTING]
2025-04-12T02:49:37.283+05:30  INFO 46919 --- [authentication] [foReplicator-%d] com.netflix.discovery.DiscoveryClient    : DiscoveryClient_AUTHENTICATION/192.168.2.105:authentication:1812: registering service...
2025-04-12T02:49:37.302+05:30  INFO 46919 --- [authentication] [           main] c.m.a.AuthenticationApplicationTests     : Started AuthenticationApplicationTests in 4.707 seconds (process running for 5.469)
2025-04-12T02:49:37.327+05:30  INFO 46919 --- [authentication] [foReplicator-%d] com.netflix.discovery.DiscoveryClient    : DiscoveryClient_AUTHENTICATION/192.168.2.105:authentication:1812 - registration status: 204
]]></system-out>
    <system-err><![CDATA[Mockito is currently self-attaching to enable the inline-mock-maker. This will no longer work in future releases of the JDK. Please add Mockito as an agent to your build what is described in Mockito's documentation: https://javadoc.io/doc/org.mockito/mockito-core/latest/org/mockito/Mockito.html#0.3
WARNING: A Java agent has been loaded dynamically (/Users/neeravbhaskarla/.m2/repository/net/bytebuddy/byte-buddy-agent/1.15.11/byte-buddy-agent-1.15.11.jar)
WARNING: If a serviceability tool is in use, please run with -XX:+EnableDynamicAgentLoading to hide this warning
WARNING: If a serviceability tool is not in use, please run with -Djdk.instrument.traceUsage for more information
WARNING: Dynamic loading of agents will be disallowed by default in a future release
]]></system-err>
  </testcase>
</testsuite>