<?xml version="1.0" encoding="UTF-8"?>
<testsuite xmlns:xsi="http://www.w3.org/2001/XMLSchema-instance" xsi:noNamespaceSchemaLocation="https://maven.apache.org/surefire/maven-surefire-plugin/xsd/surefire-test-report.xsd" version="3.0.2" name="com.microservice.configserver.ConfigserverApplicationTests" time="3.881" tests="1" errors="0" skipped="0" failures="0">
  <properties>
[...]
</properties>
  <testcase name="contextLoads" classname="com.microservice.configserver.ConfigserverApplicationTests" time="0.448">
    <system-out><![CDATA[00:22:01.371 [main] INFO org.springframework.test.context.support.AnnotationConfigContextLoaderUtils -- Could not detect default configuration classes for test class [com.microservice.configserver.ConfigserverApplicationTests]: ConfigserverApplicationTests does not declare any static, non-private, non-final, nested classes annotated with @Configuration.
00:22:01.440 [main] INFO org.springframework.boot.test.context.SpringBootTestContextBootstrapper -- Found @SpringBootConfiguration com.microservice.configserver.ConfigserverApplication for test class com.microservice.configserver.ConfigserverApplicationTests

  .   ____          _            __ _ _
 /\\ / ___'_ __ _ _(_)_ __  __ _ \ \ \ \
( ( )\___ | '_ | '_| | '_ \/ _` | \ \ \ \
 \\/  ___)| |_)| | | | | || (_| |  ) ) ) )
  '  |____| .__|_| |_|_| |_\__, | / / / /
 =========|_|==============|___/=/_/_/_/

 :: Spring Boot ::                (v3.4.4)

2025-04-12T00:22:01.986+05:30  INFO 79075 --- [configserver] [           main] c.m.c.ConfigserverApplicationTests       : Starting ConfigserverApplicationTests using Java 23.0.1 with PID 79075 (started by neeravbhaskarla in /Users/neeravbhaskarla/Coding/springboot/spring_boot_projects/Job Preparation/configserver)
2025-04-12T00:22:01.986+05:30  INFO 79075 --- [configserver] [           main] c.m.c.ConfigserverApplicationTests       : No active profile set, falling back to 1 default profile: "default"
2025-04-12T00:22:02.402+05:30  INFO 79075 --- [configserver] [           main] o.s.cloud.context.scope.GenericScope     : BeanFactory id=04baf024-91cf-3745-9f5c-665e4f6c40d3
2025-04-12T00:22:02.864+05:30  INFO 79075 --- [configserver] [           main] DiscoveryClientOptionalArgsConfiguration : Eureka HTTP Client uses RestTemplate.
2025-04-12T00:22:04.507+05:30  WARN 79075 --- [configserver] [           main] iguration$LoadBalancerCaffeineWarnLogger : Spring Cloud LoadBalancer is currently working with the default cache. While this cache implementation is useful for development and tests, it's recommended to use Caffeine cache in production.You can switch to using Caffeine cache, by adding it and org.springframework.cache.caffeine.CaffeineCacheManager to the classpath.
2025-04-12T00:22:04.520+05:30  INFO 79075 --- [configserver] [           main] o.s.c.n.eureka.InstanceInfoFactory       : Setting initial instance status as: STARTING
2025-04-12T00:22:04.532+05:30  INFO 79075 --- [configserver] [           main] com.netflix.discovery.DiscoveryClient    : Initializing Eureka in region us-east-1
2025-04-12T00:22:04.534+05:30  INFO 79075 --- [configserver] [           main] c.n.d.s.r.aws.ConfigClusterResolver      : Resolving eureka endpoints via configuration
2025-04-12T00:22:04.538+05:30  INFO 79075 --- [configserver] [           main] com.netflix.discovery.DiscoveryClient    : Disable delta property : false
2025-04-12T00:22:04.538+05:30  INFO 79075 --- [configserver] [           main] com.netflix.discovery.DiscoveryClient    : Single vip registry refresh property : null
2025-04-12T00:22:04.538+05:30  INFO 79075 --- [configserver] [           main] com.netflix.discovery.DiscoveryClient    : Force full registry fetch : false
2025-04-12T00:22:04.538+05:30  INFO 79075 --- [configserver] [           main] com.netflix.discovery.DiscoveryClient    : Application is null : false
2025-04-12T00:22:04.538+05:30  INFO 79075 --- [configserver] [           main] com.netflix.discovery.DiscoveryClient    : Registered Applications size is zero : true
2025-04-12T00:22:04.538+05:30  INFO 79075 --- [configserver] [           main] com.netflix.discovery.DiscoveryClient    : Application version is -1: true
2025-04-12T00:22:04.538+05:30  INFO 79075 --- [configserver] [           main] com.netflix.discovery.DiscoveryClient    : Getting all instance registry info from the eureka server
2025-04-12T00:22:04.702+05:30  INFO 79075 --- [configserver] [           main] com.netflix.discovery.DiscoveryClient    : The response status is 200
2025-04-12T00:22:04.703+05:30  INFO 79075 --- [configserver] [           main] com.netflix.discovery.DiscoveryClient    : Starting heartbeat executor: renew interval is: 30
2025-04-12T00:22:04.704+05:30  INFO 79075 --- [configserver] [           main] c.n.discovery.InstanceInfoReplicator     : InstanceInfoReplicator onDemand update allowed rate per min is 4
2025-04-12T00:22:04.705+05:30  INFO 79075 --- [configserver] [           main] com.netflix.discovery.DiscoveryClient    : Discovery Client initialized at timestamp 1744397524704 with initial instances count: 0
2025-04-12T00:22:04.707+05:30  INFO 79075 --- [configserver] [           main] o.s.c.n.e.s.EurekaServiceRegistry        : Registering application CONFIGSERVER with eureka with status UP
2025-04-12T00:22:04.707+05:30  INFO 79075 --- [configserver] [           main] com.netflix.discovery.DiscoveryClient    : Saw local status change event StatusChangeEvent [timestamp=1744397524707, current=UP, previous=STARTING]
2025-04-12T00:22:04.708+05:30  INFO 79075 --- [configserver] [foReplicator-%d] com.netflix.discovery.DiscoveryClient    : DiscoveryClient_CONFIGSERVER/192.168.2.105:configserver:8888: registering service...
2025-04-12T00:22:04.716+05:30  INFO 79075 --- [configserver] [           main] c.m.c.ConfigserverApplicationTests       : Started ConfigserverApplicationTests in 3.075 seconds (process running for 3.727)
2025-04-12T00:22:04.732+05:30  INFO 79075 --- [configserver] [foReplicator-%d] com.netflix.discovery.DiscoveryClient    : DiscoveryClient_CONFIGSERVER/192.168.2.105:configserver:8888 - registration status: 204
]]></system-out>
    <system-err><![CDATA[Mockito is currently self-attaching to enable the inline-mock-maker. This will no longer work in future releases of the JDK. Please add Mockito as an agent to your build what is described in Mockito's documentation: https://javadoc.io/doc/org.mockito/mockito-core/latest/org/mockito/Mockito.html#0.3
WARNING: A Java agent has been loaded dynamically (/Users/neeravbhaskarla/.m2/repository/net/bytebuddy/byte-buddy-agent/1.15.11/byte-buddy-agent-1.15.11.jar)
WARNING: If a serviceability tool is in use, please run with -XX:+EnableDynamicAgentLoading to hide this warning
WARNING: If a serviceability tool is not in use, please run with -Djdk.instrument.traceUsage for more information
WARNING: Dynamic loading of agents will be disallowed by default in a future release
]]></system-err>
  </testcase>
</testsuite>